timestamp: 2013-08-16T13:38:26.659836
CREATE TABLE auth_user(
    id INTEGER PRIMARY KEY AUTOINCREMENT,
    first_name CHAR(128),
    last_name CHAR(128),
    email CHAR(512),
    password CHAR(512),
    registration_key CHAR(512),
    reset_password_key CHAR(512),
    registration_id CHAR(512),
    name CHAR(512)
);
success!
timestamp: 2013-08-16T13:38:26.864693
CREATE TABLE auth_group(
    id INTEGER PRIMARY KEY AUTOINCREMENT,
    role CHAR(512),
    description TEXT
);
success!
timestamp: 2013-08-16T13:38:27.054067
CREATE TABLE auth_membership(
    id INTEGER PRIMARY KEY AUTOINCREMENT,
    user_id INTEGER REFERENCES auth_user (id) ON DELETE CASCADE,
    group_id INTEGER REFERENCES auth_group (id) ON DELETE CASCADE
);
success!
timestamp: 2013-08-16T13:38:27.276851
CREATE TABLE auth_permission(
    id INTEGER PRIMARY KEY AUTOINCREMENT,
    group_id INTEGER REFERENCES auth_group (id) ON DELETE CASCADE,
    name CHAR(512),
    table_name CHAR(512),
    record_id INTEGER
);
success!
timestamp: 2013-08-16T13:38:27.434261
CREATE TABLE auth_event(
    id INTEGER PRIMARY KEY AUTOINCREMENT,
    time_stamp TIMESTAMP,
    client_ip CHAR(512),
    user_id INTEGER REFERENCES auth_user (id) ON DELETE CASCADE,
    origin CHAR(512),
    description TEXT
);
success!
timestamp: 2013-08-16T13:38:27.601062
CREATE TABLE auth_cas(
    id INTEGER PRIMARY KEY AUTOINCREMENT,
    user_id INTEGER REFERENCES auth_user (id) ON DELETE CASCADE,
    created_on TIMESTAMP,
    service CHAR(512),
    ticket CHAR(512),
    renew CHAR(1)
);
success!
timestamp: 2013-08-16T13:38:27.777005
CREATE TABLE chat_line(
    id INTEGER PRIMARY KEY AUTOINCREMENT,
    name CHAR(512),
    description TEXT,
    created_on TIMESTAMP,
    owner INTEGER REFERENCES auth_user (id) ON DELETE CASCADE
);
success!
timestamp: 2013-08-16T13:38:27.954228
CREATE TABLE message(
    id INTEGER PRIMARY KEY AUTOINCREMENT,
    chat_line INTEGER REFERENCES chat_line (id) ON DELETE CASCADE,
    body TEXT,
    posted_on TIMESTAMP,
    posted_by INTEGER REFERENCES auth_user (id) ON DELETE CASCADE
);
success!
timestamp: 2013-08-16T13:38:28.135449
CREATE TABLE folder(
    id INTEGER PRIMARY KEY AUTOINCREMENT,
    name CHAR(512),
    description TEXT,
    keywords CHAR(128),
    is_open CHAR(1),
    created_on TIMESTAMP,
    owner INTEGER REFERENCES auth_user (id) ON DELETE CASCADE
);
success!
timestamp: 2013-08-16T13:38:28.326184
CREATE TABLE page(
    id INTEGER PRIMARY KEY AUTOINCREMENT,
    folder INTEGER REFERENCES folder (id) ON DELETE CASCADE,
    number INTEGER,
    locked_on INTEGER,
    locked_by INTEGER,
    title CHAR(512),
    body TEXT,
    readonly CHAR(1),
    comments_enabled CHAR(1),
    modified_on TIMESTAMP,
    modified_by INTEGER REFERENCES auth_user (id) ON DELETE CASCADE
);
success!
timestamp: 2013-08-16T13:38:28.521485
CREATE TABLE old_page(
    id INTEGER PRIMARY KEY AUTOINCREMENT,
    page INTEGER REFERENCES page (id) ON DELETE CASCADE,
    title CHAR(512),
    body TEXT,
    modified_on TIMESTAMP,
    modified_by INTEGER REFERENCES auth_user (id) ON DELETE CASCADE
);
success!
timestamp: 2013-08-16T13:38:28.721238
CREATE TABLE document(
    id INTEGER PRIMARY KEY AUTOINCREMENT,
    page INTEGER REFERENCES page (id) ON DELETE CASCADE,
    title CHAR(512),
    file CHAR(512),
    uploaded_by INTEGER REFERENCES auth_user (id) ON DELETE CASCADE,
    uploaded_on TIMESTAMP
);
success!
timestamp: 2013-08-16T13:38:28.888179
CREATE TABLE comment(
    id INTEGER PRIMARY KEY AUTOINCREMENT,
    page INTEGER REFERENCES page (id) ON DELETE CASCADE,
    posted_on TIMESTAMP,
    author INTEGER REFERENCES auth_user (id) ON DELETE CASCADE,
    disabled CHAR(512),
    body TEXT
);
success!
timestamp: 2013-08-16T13:38:29.068817
CREATE TABLE persons_group(
    id INTEGER PRIMARY KEY AUTOINCREMENT,
    name CHAR(512),
    description TEXT,
    owner INTEGER REFERENCES auth_user (id) ON DELETE CASCADE,
    open CHAR(1),
    created_on TIMESTAMP
);
success!
timestamp: 2013-08-16T13:38:29.276551
CREATE TABLE membership(
    id INTEGER PRIMARY KEY AUTOINCREMENT,
    person INTEGER REFERENCES auth_user (id) ON DELETE CASCADE,
    persons_group INTEGER REFERENCES persons_group (id) ON DELETE CASCADE,
    membership_type CHAR(512)
);
success!
timestamp: 2013-08-16T13:38:29.454145
CREATE TABLE membership_request(
    id INTEGER PRIMARY KEY AUTOINCREMENT,
    person INTEGER REFERENCES auth_user (id) ON DELETE CASCADE,
    persons_group INTEGER REFERENCES persons_group (id) ON DELETE CASCADE,
    membership_type CHAR(512)
);
success!
timestamp: 2013-08-16T13:38:29.665572
CREATE TABLE access(
    id INTEGER PRIMARY KEY AUTOINCREMENT,
    persons_group INTEGER REFERENCES persons_group (id) ON DELETE CASCADE,
    table_name CHAR(512),
    record_id INTEGER,
    access_type CHAR(512)
);
success!
timestamp: 2013-08-16T13:38:29.888734
CREATE TABLE announcement(
    id INTEGER PRIMARY KEY AUTOINCREMENT,
    title CHAR(512),
    body TEXT,
    owner INTEGER REFERENCES auth_user (id) ON DELETE CASCADE,
    to_rss CHAR(1),
    posted_on TIMESTAMP,
    expires_on DATE
);
success!
timestamp: 2013-08-16T13:38:30.076528
CREATE TABLE ignore_announcement(
    id INTEGER PRIMARY KEY AUTOINCREMENT,
    person INTEGER REFERENCES auth_user (id) ON DELETE CASCADE,
    announcement INTEGER REFERENCES announcement (id) ON DELETE CASCADE
);
success!
timestamp: 2013-08-16T13:38:30.265334
CREATE TABLE survey(
    id INTEGER PRIMARY KEY AUTOINCREMENT,
    owner INTEGER REFERENCES auth_user (id) ON DELETE CASCADE,
    timestamp TIMESTAMP,
    start DATE,
    stop DATE,
    title CHAR(512),
    description TEXT,
    is_assignment CHAR(1),
    normalize_score_to DOUBLE,
    anonymous CHAR(1)
);
success!
timestamp: 2013-08-16T13:38:30.656136
CREATE TABLE sa(
    id INTEGER PRIMARY KEY AUTOINCREMENT,
    survey INTEGER REFERENCES survey (id) ON DELETE CASCADE,
    owner INTEGER REFERENCES auth_user (id) ON DELETE CASCADE,
    anonymous CHAR(1),
    timestamp TIMESTAMP,
    score DOUBLE,
    reviewer_comment TEXT,
    completed CHAR(1)
);
success!
timestamp: 2013-08-16T13:38:30.841069
CREATE TABLE question(
    id INTEGER PRIMARY KEY AUTOINCREMENT,
    survey INTEGER REFERENCES survey (id) ON DELETE CASCADE,
    number INTEGER,
    title CHAR(512),
    body TEXT,
    type CHAR(512),
    minimum INTEGER,
    maximum INTEGER,
    correct_answer CHAR(512),
    points DOUBLE,
    option_A CHAR(512),
    points_for_option_A DOUBLE,
    option_B CHAR(512),
    points_for_option_B DOUBLE,
    option_C CHAR(512),
    points_for_option_C DOUBLE,
    option_D CHAR(512),
    points_for_option_D DOUBLE,
    option_E CHAR(512),
    points_for_option_E DOUBLE,
    option_F CHAR(512),
    points_for_option_F DOUBLE,
    option_G CHAR(512),
    points_for_option_G DOUBLE,
    option_H CHAR(512),
    points_for_option_H DOUBLE,
    required CHAR(1),
    comments_enabled CHAR(1)
);
success!
timestamp: 2013-08-16T13:38:31.080284
CREATE TABLE answer(
    id INTEGER PRIMARY KEY AUTOINCREMENT,
    question INTEGER REFERENCES question (id) ON DELETE CASCADE,
    sa INTEGER REFERENCES sa (id) ON DELETE CASCADE,
    value CHAR(512),
    file CHAR(512),
    grade DOUBLE,
    comment TEXT
);
success!
