[2013-08-13 13:52:45] START
[2013-08-14 07:53:18] EDIT tukker/views/default/index.html: 0
[2013-08-14 07:57:16] EDIT tukker/views/default/index.html: 0
[2013-08-14 08:08:31] EDIT tukker/models/db.py: 0
[2013-08-14 08:12:09] EDIT tukker/models/menu.py: 0
[2013-08-14 08:15:30] EDIT tukker/views/default/index.html: 0
[2013-08-14 08:16:07] EDIT tukker/views/default/index.html: 0
[2013-08-14 08:26:01] EDIT tukker/controllers/default.py: 2
[2013-08-14 08:26:20] EDIT tukker/controllers/default.py: 0
[2013-08-14 08:27:35] EDIT tukker/controllers/default.py: 0
[2013-08-14 08:30:37] EDIT tukker/controllers/default.py: 1
[2013-08-14 08:31:00] EDIT tukker/controllers/default.py: 0
[2013-08-14 12:38:14] EDIT tukker/views/default/index.html: 8
[2013-08-14 12:55:54] EDIT tukker/controllers/default.py: 0
[2013-08-14 12:56:43] EDIT tukker/controllers/default.py: 0
[2013-08-14 12:57:58] EDIT tukker/views/default/index.html: 0
[2013-08-14 13:06:21] EDIT tukker/controllers/default.py: 0
[2013-08-14 13:07:56] EDIT tukker/models/menu.py: 0
[2013-08-14 13:08:02] EDIT tukker/controllers/default.py: 0
[2013-08-14 13:08:05] EDIT tukker/views/default/index.html: 0
[2013-08-14 13:13:04] EDIT tukker/views/default/index.html: 0
[2013-08-14 14:15:50] EDIT tukker/views/default/index.html: 0
[2013-08-14 14:34:35] EDIT tukker/views/default/index.html: 0
