[2013-08-12 09:22:09] START
[2013-08-12 09:25:36] EDIT first/controllers/default.py: 0
[2013-08-12 09:28:05] EDIT first/views/default/index.html: 0
[2013-08-12 09:31:47] EDIT first/views/default/index.html: -9
[2013-08-12 09:35:37] EDIT first/views/layout.html: 1
[2013-08-12 09:36:16] EDIT first/views/layout.html: 0
[2013-08-12 09:37:37] EDIT first/views/layout.html: 0
[2013-08-12 09:38:22] EDIT first/views/layout.html: 0
[2013-08-12 09:39:29] EDIT first/views/layout.html: 0
[2013-08-12 09:41:24] EDIT first/views/layout.html: 0
[2013-08-12 09:44:32] EDIT first/views/layout.html: -1
[2013-08-12 09:45:46] EDIT first/views/layout.html: 0
[2013-08-12 09:51:51] EDIT first/views/layout.html: 0
[2013-08-12 09:52:37] EDIT first/views/layout.html: 0
[2013-08-12 09:59:36] EDIT first/views/layout.html: 0
[2013-08-12 10:00:42] EDIT first/views/layout.html: 0
[2013-08-12 10:02:15] EDIT first/views/layout.html: 0
[2013-08-12 10:04:21] EDIT first/views/layout.html: 0
[2013-08-12 10:08:09] EDIT first/views/layout.html: -1
[2013-08-12 10:09:32] EDIT first/views/layout.html: 1
