timestamp: 2013-08-16T08:10:22.519398
CREATE TABLE auth_user(
    id INTEGER PRIMARY KEY AUTOINCREMENT,
    first_name CHAR(128),
    last_name CHAR(128),
    email CHAR(512),
    password CHAR(512),
    registration_key CHAR(512),
    reset_password_key CHAR(512),
    registration_id CHAR(512)
);
success!
timestamp: 2013-08-16T08:10:22.930861
CREATE TABLE auth_group(
    id INTEGER PRIMARY KEY AUTOINCREMENT,
    role CHAR(512),
    description TEXT
);
success!
timestamp: 2013-08-16T08:10:23.516035
CREATE TABLE auth_membership(
    id INTEGER PRIMARY KEY AUTOINCREMENT,
    user_id INTEGER REFERENCES auth_user (id) ON DELETE CASCADE,
    group_id INTEGER REFERENCES auth_group (id) ON DELETE CASCADE
);
success!
timestamp: 2013-08-16T08:10:24.090759
CREATE TABLE auth_permission(
    id INTEGER PRIMARY KEY AUTOINCREMENT,
    group_id INTEGER REFERENCES auth_group (id) ON DELETE CASCADE,
    name CHAR(512),
    table_name CHAR(512),
    record_id INTEGER
);
success!
timestamp: 2013-08-16T08:10:24.713195
CREATE TABLE auth_event(
    id INTEGER PRIMARY KEY AUTOINCREMENT,
    time_stamp TIMESTAMP,
    client_ip CHAR(512),
    user_id INTEGER REFERENCES auth_user (id) ON DELETE CASCADE,
    origin CHAR(512),
    description TEXT
);
success!
timestamp: 2013-08-16T08:10:25.157611
CREATE TABLE auth_cas(
    id INTEGER PRIMARY KEY AUTOINCREMENT,
    user_id INTEGER REFERENCES auth_user (id) ON DELETE CASCADE,
    created_on TIMESTAMP,
    service CHAR(512),
    ticket CHAR(512),
    renew CHAR(1)
);
success!
timestamp: 2013-08-16T08:10:25.569435
CREATE TABLE allfiles(
    id INTEGER PRIMARY KEY AUTOINCREMENT,
    filename CHAR(512),
    filepath CHAR(512),
    parentpath CHAR(512),
    filetype CHAR(512),
    file CHAR(512),
    content TEXT,
    datecreated TIMESTAMP,
    datemodified TIMESTAMP,
    filesize INTEGER,
    user INTEGER REFERENCES auth_user (id) ON DELETE CASCADE
);
success!
timestamp: 2013-08-16T09:10:29.417600
CREATE TABLE test_detail(
    id INTEGER PRIMARY KEY AUTOINCREMENT,
    Corp TEXT,
    Address_1 TEXT,
    Address_2 TEXT,
    City TEXT,
    State TEXT,
    Country TEXT,
    Postal_Code TEXT,
    Requester TEXT,
    Code_1 TEXT,
    Role TEXT,
    Asset_Groups TEXT,
    IPs TEXT,
    Active_Hosts INTEGER,
    Hosts_Matching_Filters INTEGER,
    Trend_Analysis TEXT,
    Date_Range TEXT,
    Asset_Tags TEXT
);
success!
timestamp: 2013-08-16T09:10:29.789480
CREATE TABLE qid_def(
    id INTEGER PRIMARY KEY AUTOINCREMENT,
    QID TEXT,
    CVE_ID TEXT,
    Vendor_Reference TEXT,
    Bug_Traq TEXT,
    CVSS DOUBLE,
    CVSS_Base DOUBLE,
    CVSS_Temporal DOUBLE,
    Threat TEXT,
    Impact TEXT,
    Solution TEXT,
    Exploitability TEXT,
    Associated_Malware TEXT,
    PCI_Vuln TEXT
);
success!
